Using pre-set license
Built from '2022.2/release' branch; Version is '2022.2.3f1 (55531d7fa82e) revision 5591837'; Using compiler version '192829333'; Build Type 'Release'
OS: 'Windows 11  (10.0.22621) 64bit Professional' Language: 'es' Physical Memory: 16168 MB
BatchMode: 1, IsHumanControllingUs: 0, StartBugReporterOnCrash: 0, Is64bit: 1, IsPro: 1

COMMAND LINE ARGUMENTS:
C:\Program Files\Unity 2022.2.3f1\Editor\Unity.exe
-adb2
-batchMode
-noUpm
-name
AssetImportWorker3
-projectPath
C:/Users/carra/Proyectos Unity/PrimerProyecto3D
-logFile
Logs/AssetImportWorker3.log
-srvPort
60761
Successfully changed project path to: C:/Users/carra/Proyectos Unity/PrimerProyecto3D
C:/Users/carra/Proyectos Unity/PrimerProyecto3D
[UnityMemory] Configuration Parameters - Can be set up in boot.config
    "memorysetup-bucket-allocator-granularity=16"
    "memorysetup-bucket-allocator-bucket-count=8"
    "memorysetup-bucket-allocator-block-size=33554432"
    "memorysetup-bucket-allocator-block-count=8"
    "memorysetup-main-allocator-block-size=16777216"
    "memorysetup-thread-allocator-block-size=16777216"
    "memorysetup-gfx-main-allocator-block-size=16777216"
    "memorysetup-gfx-thread-allocator-block-size=16777216"
    "memorysetup-cache-allocator-block-size=4194304"
    "memorysetup-typetree-allocator-block-size=2097152"
    "memorysetup-profiler-bucket-allocator-granularity=16"
    "memorysetup-profiler-bucket-allocator-bucket-count=8"
    "memorysetup-profiler-bucket-allocator-block-size=33554432"
    "memorysetup-profiler-bucket-allocator-block-count=8"
    "memorysetup-profiler-allocator-block-size=16777216"
    "memorysetup-profiler-editor-allocator-block-size=1048576"
    "memorysetup-temp-allocator-size-main=16777216"
    "memorysetup-job-temp-allocator-block-size=2097152"
    "memorysetup-job-temp-allocator-block-size-background=1048576"
    "memorysetup-job-temp-allocator-reduction-small-platforms=262144"
    "memorysetup-temp-allocator-size-background-worker=32768"
    "memorysetup-temp-allocator-size-job-worker=262144"
    "memorysetup-temp-allocator-size-preload-manager=33554432"
    "memorysetup-temp-allocator-size-nav-mesh-worker=65536"
    "memorysetup-temp-allocator-size-audio-worker=65536"
    "memorysetup-temp-allocator-size-cloud-worker=32768"
    "memorysetup-temp-allocator-size-gi-baking-worker=262144"
    "memorysetup-temp-allocator-size-gfx=262144"
Player connection [8496] Host "[IP] 172.26.128.1 [Port] 0 [Flags] 2 [Guid] 3289767456 [EditorId] 3289767456 [Version] 1048832 [Id] WindowsEditor(7,DESKTOP-8D59HR1) [Debug] 1 [PackageName] WindowsEditor [ProjectName] Editor" joined multi-casting on [225.0.0.222:54997]...

Player connection [8496] Host "[IP] 172.26.128.1 [Port] 0 [Flags] 2 [Guid] 3289767456 [EditorId] 3289767456 [Version] 1048832 [Id] WindowsEditor(7,DESKTOP-8D59HR1) [Debug] 1 [PackageName] WindowsEditor [ProjectName] Editor" joined alternative multi-casting on [225.0.0.222:34997]...

Refreshing native plugins compatible for Editor in 24.20 ms, found 3 plugins.
Preloading 0 native plugins for Editor in 0.00 ms.
Initialize engine version: 2022.2.3f1 (55531d7fa82e)
[Subsystems] Discovering subsystems at path C:/Program Files/Unity 2022.2.3f1/Editor/Data/Resources/UnitySubsystems
[Subsystems] Discovering subsystems at path C:/Users/carra/Proyectos Unity/PrimerProyecto3D/Assets
GfxDevice: creating device client; threaded=0; jobified=0
Direct3D:
    Version:  Direct3D 11.0 [level 11.1]
    Renderer: NVIDIA GeForce RTX 2060 (ID=0x1f15)
    Vendor:   NVIDIA
    VRAM:     5980 MB
    Driver:   30.0.15.1278
Initialize mono
Mono path[0] = 'C:/Program Files/Unity 2022.2.3f1/Editor/Data/Managed'
Mono path[1] = 'C:/Program Files/Unity 2022.2.3f1/Editor/Data/MonoBleedingEdge/lib/mono/unityjit-win32'
Mono config path = 'C:/Program Files/Unity 2022.2.3f1/Editor/Data/MonoBleedingEdge/etc'
Using monoOptions --debugger-agent=transport=dt_socket,embedding=1,server=y,suspend=n,address=127.0.0.1:56400
Begin MonoManager ReloadAssembly
Registering precompiled unity dll's ...
Register platform support module: C:/Program Files/Unity 2022.2.3f1/Editor/Data/PlaybackEngines/AndroidPlayer/UnityEditor.Android.Extensions.dll
Register platform support module: C:/Program Files/Unity 2022.2.3f1/Editor/Data/PlaybackEngines/WindowsStandaloneSupport/UnityEditor.WindowsStandalone.Extensions.dll
Registered in 0.009177 seconds.
- Loaded All Assemblies, in  0.546 seconds
Native extension for WindowsStandalone target not found
Native extension for Android target not found
Mono: successfully reloaded assembly
- Finished resetting the current domain, in  0.517 seconds
Domain Reload Profiling:
	ReloadAssembly (296ms)
		BeginReloadAssembly (116ms)
			ExecutionOrderSort (0ms)
			DisableScriptedObjects (0ms)
			BackupInstance (0ms)
			ReleaseScriptingObjects (0ms)
			CreateAndSetChildDomain (1ms)
		LoadAllAssembliesAndSetupDomain (0ms)
			LoadAssemblies (114ms)
			RebuildTransferFunctionScriptingTraits (0ms)
			SetupTypeCache (220ms)
				TypeCache.Initialize (219ms)
					TypeCache.ScanAssembly (217ms)
				ResolveRequiredComponents (1ms)
		FinalizeReload (0ms)
			ReleaseScriptCaches (0ms)
			RebuildScriptCaches (0ms)
			SetupLoadedEditorAssemblies (417ms)
				LogAssemblyErrors (0ms)
				InitializePlatformSupportModulesInManaged (89ms)
				SetLoadedEditorAssemblies (10ms)
				RefreshPlugins (0ms)
				BeforeProcessingInitializeOnLoad (2ms)
				ProcessInitializeOnLoadAttributes (232ms)
				ProcessInitializeOnLoadMethodAttributes (83ms)
				AfterProcessingInitializeOnLoad (0ms)
				EditorAssembliesLoaded (0ms)
			ExecutionOrderSort2 (0ms)
			AwakeInstancesAfterBackupRestoration (0ms)
========================================================================
Worker process is ready to serve import requests
Begin MonoManager ReloadAssembly
Symbol file LoadedFromMemory doesn't match image C:\Users\carra\Proyectos Unity\PrimerProyecto3D\Library\PackageCache\com.unity.visualscripting@1.8.0\Editor\VisualScripting.Core\Dependencies\YamlDotNet\Unity.VisualScripting.YamlDotNet.dll
Symbol file LoadedFromMemory doesn't match image C:\Users\carra\Proyectos Unity\PrimerProyecto3D\Library\PackageCache\com.unity.visualscripting@1.8.0\Editor\VisualScripting.Core\Dependencies\DotNetZip\Unity.VisualScripting.IonicZip.dll
- Loaded All Assemblies, in  1.037 seconds
Refreshing native plugins compatible for Editor in 8.89 ms, found 3 plugins.
Native extension for WindowsStandalone target not found
Native extension for Android target not found
Mono: successfully reloaded assembly
Package Manager log level set to [2]
[Package Manager] Server::EnsureServerProcessIsRunning -- launch failed, reason: Unity was launched with the -noUpm command-line argument
[Package Manager] UpmClient::Send -- Unable to send message (not connected to UPM process).
[Package Manager] Cannot connect to Unity Package Manager local server
[Package Manager] Server::EnsureServerProcessIsRunning -- launch failed, reason: Unity was launched with the -noUpm command-line argument
[Package Manager] UpmClient::Send -- Unable to send message (not connected to UPM process).
[Package Manager] Cannot connect to Unity Package Manager local server
- Finished resetting the current domain, in  0.824 seconds
Domain Reload Profiling:
	ReloadAssembly (301ms)
		BeginReloadAssembly (162ms)
			ExecutionOrderSort (0ms)
			DisableScriptedObjects (7ms)
			BackupInstance (0ms)
			ReleaseScriptingObjects (0ms)
			CreateAndSetChildDomain (26ms)
		LoadAllAssembliesAndSetupDomain (729ms)
			LoadAssemblies (114ms)
			RebuildTransferFunctionScriptingTraits (0ms)
			SetupTypeCache (691ms)
				TypeCache.Initialize (354ms)
					TypeCache.ScanAssembly (349ms)
				ResolveRequiredComponents (5ms)
		FinalizeReload (0ms)
			ReleaseScriptCaches (0ms)
			RebuildScriptCaches (0ms)
			SetupLoadedEditorAssemblies (596ms)
				LogAssemblyErrors (0ms)
				InitializePlatformSupportModulesInManaged (27ms)
				SetLoadedEditorAssemblies (10ms)
				RefreshPlugins (0ms)
				BeforeProcessingInitializeOnLoad (127ms)
				ProcessInitializeOnLoadAttributes (391ms)
				ProcessInitializeOnLoadMethodAttributes (32ms)
				AfterProcessingInitializeOnLoad (9ms)
				EditorAssembliesLoaded (0ms)
			ExecutionOrderSort2 (0ms)
			AwakeInstancesAfterBackupRestoration (9ms)
Launched and connected shader compiler UnityShaderCompiler.exe after 0.07 seconds
Refreshing native plugins compatible for Editor in 9.38 ms, found 3 plugins.
Preloading 0 native plugins for Editor in 0.00 ms.
Unloading 3516 Unused Serialized files (Serialized files now loaded: 0)
Unloading 40 unused Assets / (76.8 KB). Loaded Objects now: 3984.
Memory consumption went from 0.60 GB to 0.60 GB.
Total: 4.760200 ms (FindLiveObjects: 0.463100 ms CreateObjectMapping: 0.526400 ms MarkObjects: 3.568200 ms  DeleteObjects: 0.201100 ms)

AssetImportParameters requested are different than current active one (requested -> active):
  custom:container-demuxer-ogg: 62fdf1f143b41e24485cea50d1cbac27 -> 
  custom:video-codec-MediaFoundation-h265: 746d11721c4dcdbdad8f713fa42b33f4 -> 
  custom:video-decoder-ogg-theora: a1e56fd34408186e4bbccfd4996cb3dc -> 
  custom:framework-win-MediaFoundation: 216162199b28c13a410421893ffa2e32 -> 
  custom:container-demuxer-webm: 4f35f7cbe854078d1ac9338744f61a02 -> 
  custom:container-muxer-webm: aa71ff27fc2769a1b78a27578f13a17b -> 
  custom:video-decoder-webm-vp8: 9c59270c3fd7afecdb556c50c9e8de78 -> 
  custom:SearchIndexIgnoredProperties: e643bd26f0fe6173181afceb89e7c659 -> 
  custom:AudioImporter_EditorPlatform: d09bf68614088b80899f8185d706f6e7 -> 
  custom:video-encoder-webm-vp8: eb34c28f22e8b96e1ab97ce403110664 -> 
  custom:audio-decoder-ogg-vorbis: bf7c407c2cedff20999df2af8eb42d56 -> 
  custom:audio-encoder-webm-vorbis: bf7c407c2cedff20999df2af8eb42d56 -> 
========================================================================
Received Import Request.
  Time since last request: 62283.915613 seconds.
  path: Assets/Imports/SimpleLowPolyNature/Materials/TreePinkMat.mat
  artifactKey: Guid(e8231e5e093c804458795712745c4041) Importer(2089858483,0ecaa5967403d082aa24f35e1b516d23)
Number of updated assets reloaded before import = 0
Start importing Assets/Imports/SimpleLowPolyNature/Materials/TreePinkMat.mat using Guid(e8231e5e093c804458795712745c4041) Importer(2089858483,0ecaa5967403d082aa24f35e1b516d23) Generated GUIDs only implemented for interfaces!
 -> (artifact id: '18f3a0821cd569ed06d91844ca712984') in 0.185795 seconds 
Number of asset objects unloaded after import = 1
========================================================================
Received Import Request.
  Time since last request: 0.000028 seconds.
  path: Assets/Enemies/textures/vestido_low_vestido_Roughness.png
  artifactKey: Guid(964ad80a1d2942c4d9d00bef8421052e) Importer(2089858483,0ecaa5967403d082aa24f35e1b516d23)
Number of updated assets reloaded before import = 0
Start importing Assets/Enemies/textures/vestido_low_vestido_Roughness.png using Guid(964ad80a1d2942c4d9d00bef8421052e) Importer(2089858483,0ecaa5967403d082aa24f35e1b516d23) Generated GUIDs only implemented for interfaces!
 -> (artifact id: '743e10456262f24c4f79de43872a7a8c') in 0.173933 seconds 
Number of asset objects unloaded after import = 1
========================================================================
Received Import Request.
  Time since last request: 0.000018 seconds.
  path: Assets/Imports/SimpleLowPolyNature/Materials/Flower4Mat.mat
  artifactKey: Guid(b043653feafde9a498c209b65e6b09a7) Importer(2089858483,0ecaa5967403d082aa24f35e1b516d23)
Number of updated assets reloaded before import = 0
Start importing Assets/Imports/SimpleLowPolyNature/Materials/Flower4Mat.mat using Guid(b043653feafde9a498c209b65e6b09a7) Importer(2089858483,0ecaa5967403d082aa24f35e1b516d23) Generated GUIDs only implemented for interfaces!
 -> (artifact id: 'cc8caf41c74c6f9e0bab2d05e6cc8a9b') in 0.023169 seconds 
Number of asset objects unloaded after import = 1
========================================================================
Received Import Request.
  Time since last request: 0.000037 seconds.
  path: Assets/Enemies/textures/ojos.png
  artifactKey: Guid(ae347ebb6fbac124d8dce4188d8adca7) Importer(2089858483,0ecaa5967403d082aa24f35e1b516d23)
Number of updated assets reloaded before import = 0
Start importing Assets/Enemies/textures/ojos.png using Guid(ae347ebb6fbac124d8dce4188d8adca7) Importer(2089858483,0ecaa5967403d082aa24f35e1b516d23) Generated GUIDs only implemented for interfaces!
 -> (artifact id: '12548298f7ae8e533ae1f8a7f3129c85') in 0.051429 seconds 
Number of asset objects unloaded after import = 1
========================================================================
Received Import Request.
  Time since last request: 0.000043 seconds.
  path: Assets/Imports/Fantasy Forest Environment Free Sample/Materials/NewLayer.terrainlayer
  artifactKey: Guid(7e98354a506340a46a47ffefa29ac582) Importer(2089858483,0ecaa5967403d082aa24f35e1b516d23)
Number of updated assets reloaded before import = 0
Start importing Assets/Imports/Fantasy Forest Environment Free Sample/Materials/NewLayer.terrainlayer using Guid(7e98354a506340a46a47ffefa29ac582) Importer(2089858483,0ecaa5967403d082aa24f35e1b516d23) Generated GUIDs only implemented for interfaces!
 -> (artifact id: 'c125a242e938a1c15221c0f81c5c6315') in 0.029249 seconds 
Number of asset objects unloaded after import = 2
========================================================================
Received Import Request.
  Time since last request: 0.000039 seconds.
  path: Assets/Imports/SimpleLowPolyNature/Materials/Flower2Mat.mat
  artifactKey: Guid(1c5a335489a263f458754f8cde45f221) Importer(2089858483,0ecaa5967403d082aa24f35e1b516d23)
Number of updated assets reloaded before import = 0
Start importing Assets/Imports/SimpleLowPolyNature/Materials/Flower2Mat.mat using Guid(1c5a335489a263f458754f8cde45f221) Importer(2089858483,0ecaa5967403d082aa24f35e1b516d23) Generated GUIDs only implemented for interfaces!
 -> (artifact id: '49fcab9a2f3fdee2798e253038b53e01') in 0.027279 seconds 
Number of asset objects unloaded after import = 1
========================================================================
Received Import Request.
  Time since last request: 0.000018 seconds.
  path: Assets/Imports/SimpleLowPolyNature/Materials/RockMat.mat
  artifactKey: Guid(5bfbfdebccebf0c45832bef70d1337f7) Importer(2089858483,0ecaa5967403d082aa24f35e1b516d23)
Number of updated assets reloaded before import = 0
Start importing Assets/Imports/SimpleLowPolyNature/Materials/RockMat.mat using Guid(5bfbfdebccebf0c45832bef70d1337f7) Importer(2089858483,0ecaa5967403d082aa24f35e1b516d23) Generated GUIDs only implemented for interfaces!
 -> (artifact id: 'b10b96730631e6d983ad1de0366756a2') in 0.023177 seconds 
Number of asset objects unloaded after import = 1
========================================================================
Received Import Request.
  Time since last request: 0.000022 seconds.
  path: Assets/Imports/SimpleLowPolyNature/Materials/WaterMat.mat
  artifactKey: Guid(541d89427b42b4040b80b215bdd9a767) Importer(2089858483,0ecaa5967403d082aa24f35e1b516d23)
Number of updated assets reloaded before import = 0
Start importing Assets/Imports/SimpleLowPolyNature/Materials/WaterMat.mat using Guid(541d89427b42b4040b80b215bdd9a767) Importer(2089858483,0ecaa5967403d082aa24f35e1b516d23) Generated GUIDs only implemented for interfaces!
 -> (artifact id: '9b2920dad1324a94d5e10073da4aa6f8') in 0.026832 seconds 
Number of asset objects unloaded after import = 1
========================================================================
Received Import Request.
  Time since last request: 0.000028 seconds.
  path: Assets/Imports/SimpleLowPolyNature/Models/LightingPlant1.fbx
  artifactKey: Guid(5a354059445b3474fbd658226ba1efdd) Importer(2089858483,0ecaa5967403d082aa24f35e1b516d23)
Number of updated assets reloaded before import = 0
Start importing Assets/Imports/SimpleLowPolyNature/Models/LightingPlant1.fbx using Guid(5a354059445b3474fbd658226ba1efdd) Importer(2089858483,0ecaa5967403d082aa24f35e1b516d23) Generated GUIDs only implemented for interfaces!
 -> (artifact id: 'fddde65763ea1a765e54288b015c61d1') in 0.085357 seconds 
Number of asset objects unloaded after import = 7
========================================================================
Received Import Request.
  Time since last request: 0.000023 seconds.
  path: Assets/Imports/SimpleLowPolyNature/Models/Flower3.fbx
  artifactKey: Guid(0b327016a46383242b0c0f14ed5d68b9) Importer(2089858483,0ecaa5967403d082aa24f35e1b516d23)
Number of updated assets reloaded before import = 0
Start importing Assets/Imports/SimpleLowPolyNature/Models/Flower3.fbx using Guid(0b327016a46383242b0c0f14ed5d68b9) Importer(2089858483,0ecaa5967403d082aa24f35e1b516d23) Generated GUIDs only implemented for interfaces!
 -> (artifact id: 'e0fac32d2d920af2b2f1122a798bc2b3') in 0.056783 seconds 
Number of asset objects unloaded after import = 7
========================================================================
Received Import Request.
  Time since last request: 0.000030 seconds.
  path: Assets/Imports/SimpleLowPolyNature/Models/Grass1.fbx
  artifactKey: Guid(5954e88e9d890844e863ec1621dc70a4) Importer(2089858483,0ecaa5967403d082aa24f35e1b516d23)
Number of updated assets reloaded before import = 0
Start importing Assets/Imports/SimpleLowPolyNature/Models/Grass1.fbx using Guid(5954e88e9d890844e863ec1621dc70a4) Importer(2089858483,0ecaa5967403d082aa24f35e1b516d23) Generated GUIDs only implemented for interfaces!
 -> (artifact id: '66605dcd35e6cab88eeb3bb171d2cf3d') in 0.038974 seconds 
Number of asset objects unloaded after import = 7
========================================================================
Received Import Request.
  Time since last request: 0.000038 seconds.
  path: Assets/Imports/Fantasy Forest Environment Free Sample/Textures/grassmesh.png
  artifactKey: Guid(4e364662e65fd2d4a995a4efe45af277) Importer(2089858483,0ecaa5967403d082aa24f35e1b516d23)
Number of updated assets reloaded before import = 0
Start importing Assets/Imports/Fantasy Forest Environment Free Sample/Textures/grassmesh.png using Guid(4e364662e65fd2d4a995a4efe45af277) Importer(2089858483,0ecaa5967403d082aa24f35e1b516d23) Generated GUIDs only implemented for interfaces!
 -> (artifact id: '2ac3a86fdc8d09e240f8565ec0766cbf') in 0.029642 seconds 
Number of asset objects unloaded after import = 1
========================================================================
Received Import Request.
  Time since last request: 0.000028 seconds.
  path: Assets/Imports/SimpleLowPolyNature/Materials/TreeYellowMat.mat
  artifactKey: Guid(1b3799f72f9aa654d9f7a3787feef4ee) Importer(2089858483,0ecaa5967403d082aa24f35e1b516d23)
Number of updated assets reloaded before import = 0
Start importing Assets/Imports/SimpleLowPolyNature/Materials/TreeYellowMat.mat using Guid(1b3799f72f9aa654d9f7a3787feef4ee) Importer(2089858483,0ecaa5967403d082aa24f35e1b516d23) Generated GUIDs only implemented for interfaces!
 -> (artifact id: '21f7a8cff7ec8faf36ae73bc07f6171f') in 0.025412 seconds 
Number of asset objects unloaded after import = 1
========================================================================
Received Import Request.
  Time since last request: 0.000023 seconds.
  path: Assets/Imports/SimpleLowPolyNature/Models/Cloud1.fbx
  artifactKey: Guid(ba90c7e89ce8fb847b770b7be3fc7975) Importer(2089858483,0ecaa5967403d082aa24f35e1b516d23)
Number of updated assets reloaded before import = 0
Start importing Assets/Imports/SimpleLowPolyNature/Models/Cloud1.fbx using Guid(ba90c7e89ce8fb847b770b7be3fc7975) Importer(2089858483,0ecaa5967403d082aa24f35e1b516d23) Generated GUIDs only implemented for interfaces!
 -> (artifact id: '954118be9cad85f7ed7f70f6ba7ac440') in 0.040417 seconds 
Number of asset objects unloaded after import = 7
========================================================================
Received Import Request.
  Time since last request: 0.000039 seconds.
  path: Assets/Enemies/textures/coat_red_coat_red_Normal.png
  artifactKey: Guid(399d3d1b70060604babe327a314f43e2) Importer(2089858483,0ecaa5967403d082aa24f35e1b516d23)
Number of updated assets reloaded before import = 0
Start importing Assets/Enemies/textures/coat_red_coat_red_Normal.png using Guid(399d3d1b70060604babe327a314f43e2) Importer(2089858483,0ecaa5967403d082aa24f35e1b516d23) Generated GUIDs only implemented for interfaces!
 -> (artifact id: 'bbd40dd3ab8e435538a8f6241d127c6b') in 0.048844 seconds 
Number of asset objects unloaded after import = 1
========================================================================
Received Import Request.
  Time since last request: 0.000026 seconds.
  path: Assets/Player/textures/fur_alpha.png
  artifactKey: Guid(660515170677bd341bba39102e37752a) Importer(2089858483,0ecaa5967403d082aa24f35e1b516d23)
Number of updated assets reloaded before import = 0
Start importing Assets/Player/textures/fur_alpha.png using Guid(660515170677bd341bba39102e37752a) Importer(2089858483,0ecaa5967403d082aa24f35e1b516d23) Generated GUIDs only implemented for interfaces!
 -> (artifact id: '1273d44f568767b66d86430f50e7fd21') in 0.037220 seconds 
Number of asset objects unloaded after import = 1
========================================================================
Received Import Request.
  Time since last request: 0.000035 seconds.
  path: Assets/Imports/SimpleLowPolyNature/Models/Flower2.fbx
  artifactKey: Guid(0c77d10ec0c97b54da131d936ef92059) Importer(2089858483,0ecaa5967403d082aa24f35e1b516d23)
Number of updated assets reloaded before import = 0
Start importing Assets/Imports/SimpleLowPolyNature/Models/Flower2.fbx using Guid(0c77d10ec0c97b54da131d936ef92059) Importer(2089858483,0ecaa5967403d082aa24f35e1b516d23) Generated GUIDs only implemented for interfaces!
 -> (artifact id: '00706fd7b61dfdac933591672aaf0f03') in 0.038383 seconds 
Number of asset objects unloaded after import = 7
========================================================================
Received Import Request.
  Time since last request: 0.000043 seconds.
  path: Assets/Player/textures/vestido_low_vestido_Metallic.png
  artifactKey: Guid(ee41c462012d61246a7e2596be4d717a) Importer(2089858483,0ecaa5967403d082aa24f35e1b516d23)
Number of updated assets reloaded before import = 0
Start importing Assets/Player/textures/vestido_low_vestido_Metallic.png using Guid(ee41c462012d61246a7e2596be4d717a) Importer(2089858483,0ecaa5967403d082aa24f35e1b516d23) Generated GUIDs only implemented for interfaces!
 -> (artifact id: '7ed7f3b18041df914deafe72e707b6c4') in 0.046829 seconds 
Number of asset objects unloaded after import = 1
========================================================================
Received Import Request.
  Time since last request: 0.000028 seconds.
  path: Assets/Imports/SimpleLowPolyNature/Models/TreeDead2.fbx
  artifactKey: Guid(b54382c620f8b7242b02940a41e44c5d) Importer(2089858483,0ecaa5967403d082aa24f35e1b516d23)
Number of updated assets reloaded before import = 0
Start importing Assets/Imports/SimpleLowPolyNature/Models/TreeDead2.fbx using Guid(b54382c620f8b7242b02940a41e44c5d) Importer(2089858483,0ecaa5967403d082aa24f35e1b516d23) Generated GUIDs only implemented for interfaces!
 -> (artifact id: 'ad72973902ac271aaec8074b4adcbf43') in 0.037924 seconds 
Number of asset objects unloaded after import = 7
========================================================================
Received Import Request.
  Time since last request: 0.000020 seconds.
  path: Assets/Imports/SimpleLowPolyNature/Models/Tent.fbx
  artifactKey: Guid(819ac2c6fef18c54f850315b810c8cc7) Importer(2089858483,0ecaa5967403d082aa24f35e1b516d23)
Number of updated assets reloaded before import = 0
Start importing Assets/Imports/SimpleLowPolyNature/Models/Tent.fbx using Guid(819ac2c6fef18c54f850315b810c8cc7) Importer(2089858483,0ecaa5967403d082aa24f35e1b516d23) Generated GUIDs only implemented for interfaces!
 -> (artifact id: 'c9864f7b849ae6c5a0207be18a188c51') in 0.044218 seconds 
Number of asset objects unloaded after import = 7
========================================================================
Received Import Request.
  Time since last request: 0.000019 seconds.
  path: Assets/Imports/SimpleLowPolyNature/Models/Rock2.fbx
  artifactKey: Guid(ff14cd0f332a7e04baab73f8c39b3918) Importer(2089858483,0ecaa5967403d082aa24f35e1b516d23)
Number of updated assets reloaded before import = 0
Start importing Assets/Imports/SimpleLowPolyNature/Models/Rock2.fbx using Guid(ff14cd0f332a7e04baab73f8c39b3918) Importer(2089858483,0ecaa5967403d082aa24f35e1b516d23) Generated GUIDs only implemented for interfaces!
 -> (artifact id: 'e9775f5a34b028ffe82f747cc493bd97') in 0.038248 seconds 
Number of asset objects unloaded after import = 7
========================================================================
Received Import Request.
  Time since last request: 0.000022 seconds.
  path: Assets/Imports/SimpleLowPolyNature/Models/WoodBoat.fbx
  artifactKey: Guid(eab23c9c4322e3e48842315d6748b1f7) Importer(2089858483,0ecaa5967403d082aa24f35e1b516d23)
Number of updated assets reloaded before import = 0
Start importing Assets/Imports/SimpleLowPolyNature/Models/WoodBoat.fbx using Guid(eab23c9c4322e3e48842315d6748b1f7) Importer(2089858483,0ecaa5967403d082aa24f35e1b516d23) Generated GUIDs only implemented for interfaces!
 -> (artifact id: '75fcbb7515bfd2f6deedc3aa9f019d8c') in 0.039991 seconds 
Number of asset objects unloaded after import = 7
========================================================================
Received Import Request.
  Time since last request: 0.000049 seconds.
  path: Assets/Imports/SimpleLowPolyNature/Prefabs/Grass3.prefab
  artifactKey: Guid(aca4c69ba2792044da19860502518138) Importer(2089858483,0ecaa5967403d082aa24f35e1b516d23)
Number of updated assets reloaded before import = 0
Start importing Assets/Imports/SimpleLowPolyNature/Prefabs/Grass3.prefab using Guid(aca4c69ba2792044da19860502518138) Importer(2089858483,0ecaa5967403d082aa24f35e1b516d23) Generated GUIDs only implemented for interfaces!
 -> (artifact id: 'd6a9bee9460a524162ac0c30092433b9') in 0.027076 seconds 
Number of asset objects unloaded after import = 7
========================================================================
Received Import Request.
  Time since last request: 0.000022 seconds.
  path: Assets/Terrain/New Terrain.asset
  artifactKey: Guid(165de7275906ee3499046e751dc933ca) Importer(2089858483,0ecaa5967403d082aa24f35e1b516d23)
Number of updated assets reloaded before import = 0
Start importing Assets/Terrain/New Terrain.asset using Guid(165de7275906ee3499046e751dc933ca) Importer(2089858483,0ecaa5967403d082aa24f35e1b516d23) Generated GUIDs only implemented for interfaces!
 -> (artifact id: '30509c4fbcf338e8bb1912bd8a0a0b0e') in 0.048839 seconds 
Number of asset objects unloaded after import = 3
========================================================================
Received Import Request.
  Time since last request: 0.000022 seconds.
  path: Assets/Imports/SimpleLowPolyNature/Prefabs/FallenBranch.prefab
  artifactKey: Guid(f8ccaa39b2ab7414796d8eaab4b7bb81) Importer(2089858483,0ecaa5967403d082aa24f35e1b516d23)
Number of updated assets reloaded before import = 0
Start importing Assets/Imports/SimpleLowPolyNature/Prefabs/FallenBranch.prefab using Guid(f8ccaa39b2ab7414796d8eaab4b7bb81) Importer(2089858483,0ecaa5967403d082aa24f35e1b516d23) Generated GUIDs only implemented for interfaces!
 -> (artifact id: '76aa8f9130850250995f4aedc6a35f49') in 0.029360 seconds 
Number of asset objects unloaded after import = 7
========================================================================
Received Import Request.
  Time since last request: 0.000025 seconds.
  path: Assets/Player/textures/coat_red_coat_red_Metallic.png
  artifactKey: Guid(3d61be531e8e0d147917ed64ec642f08) Importer(2089858483,0ecaa5967403d082aa24f35e1b516d23)
Number of updated assets reloaded before import = 0
Start importing Assets/Player/textures/coat_red_coat_red_Metallic.png using Guid(3d61be531e8e0d147917ed64ec642f08) Importer(2089858483,0ecaa5967403d082aa24f35e1b516d23) Generated GUIDs only implemented for interfaces!
 -> (artifact id: '44a33ebdc2466a92fe46101b1ecbda62') in 0.033037 seconds 
Number of asset objects unloaded after import = 1
========================================================================
Received Import Request.
  Time since last request: 0.000030 seconds.
  path: Assets/Player/textures/cuerp_low_Material.001_BaseColor.png
  artifactKey: Guid(e23c58f58d113004c813596d28437ff5) Importer(2089858483,0ecaa5967403d082aa24f35e1b516d23)
Number of updated assets reloaded before import = 0
Start importing Assets/Player/textures/cuerp_low_Material.001_BaseColor.png using Guid(e23c58f58d113004c813596d28437ff5) Importer(2089858483,0ecaa5967403d082aa24f35e1b516d23) Generated GUIDs only implemented for interfaces!
 -> (artifact id: 'b5c0ee355e9d2442fb7b1f04bd70ea97') in 0.035511 seconds 
Number of asset objects unloaded after import = 1
========================================================================
Received Import Request.
  Time since last request: 0.000026 seconds.
  path: Assets/Imports/Fantasy Forest Environment Free Sample/Scenes/New Terrain.asset
  artifactKey: Guid(02bc0e2176f6a4e4ea3faf0c622664cf) Importer(2089858483,0ecaa5967403d082aa24f35e1b516d23)
Number of updated assets reloaded before import = 0
Start importing Assets/Imports/Fantasy Forest Environment Free Sample/Scenes/New Terrain.asset using Guid(02bc0e2176f6a4e4ea3faf0c622664cf) Importer(2089858483,0ecaa5967403d082aa24f35e1b516d23) 
=================================================================
	Native Crash Reporting
=================================================================
Got a UNKNOWN while executing native code. This usually indicates
a fatal error in the mono runtime or one of the native libraries 
used by your application.
=================================================================

=================================================================
	Managed Stacktrace:
=================================================================
	  at <unknown> <0xffffffff>
	  at UnityEditor.AssetDatabase:LoadMainAssetAtPath <0x00089>
	  at UnityEditor.Search.AssetIndexer:IndexProperties <0x0007a>
	  at UnityEditor.Search.AssetIndexer:IndexDocument <0x01162>
	  at UnityEditor.Search.SearchIndexEntryImporter:OnImportAsset <0x00169>
	  at UnityEditor.AssetImporters.ScriptedImporter:GenerateAssetData <0x00018>
	  at <Module>:runtime_invoke_void__this___object <0x00092>
=================================================================
Received signal SIGSEGV
Obtained 42 stack frames
0x00007ff7a5dab8da (Unity) CreateAssetToGUIDMappingV2
0x00007ff7a5d39e7a (Unity) AssetDatabase::CreateAssetToGUIDMapping
0x00007ff7a521e894 (Unity) SplatDatabase::CreateTerrainLayerAsset
0x00007ff7a521cb50 (Unity) SplatDatabase::ConvertSplatsToTerrainLayers
0x00007ff7a521933c (Unity) SplatDatabase::AwakeFromLoad
0x00007ff7a524a979 (Unity) TerrainData::AwakeFromLoad
0x00007ff7a4a5c58f (Unity) AwakeFromLoadQueue::InvokePersistentManagerAwake
0x00007ff7a4a5d28c (Unity) AwakeFromLoadQueue::PersistentManagerAwakeFromLoad
0x00007ff7a4a5d3f3 (Unity) AwakeFromLoadQueue::PersistentManagerAwakeFromLoad
0x00007ff7a4a2e7a2 (Unity) PersistentManager::IntegrateAllThreadedObjects
0x00007ff7a4a2f0c0 (Unity) PersistentManager::LoadAndIntegrateAllPreallocatedObjects
0x00007ff7a4a334b2 (Unity) PersistentManager::ReadObject
0x00007ff7a3b9913b (Unity) PPtr<Object>::operator Object * __ptr64
0x00007ff7a4043f74 (Unity) AssetDatabase_CUSTOM_LoadMainAssetAtPath
0x000002af872130ea (Mono JIT Code) (wrapper managed-to-native) UnityEditor.AssetDatabase:LoadMainAssetAtPath (string)
0x000002af872129db (Mono JIT Code) UnityEditor.Search.AssetIndexer:IndexProperties (int&,string&,bool&)
0x000002af871f3703 (Mono JIT Code) UnityEditor.Search.AssetIndexer:IndexDocument (string,bool)
0x000002af8708e4da (Mono JIT Code) UnityEditor.Search.SearchIndexEntryImporter:OnImportAsset (UnityEditor.AssetImporters.AssetImportContext)
0x000002af8708e1f9 (Mono JIT Code) UnityEditor.AssetImporters.ScriptedImporter:GenerateAssetData (UnityEditor.AssetImporters.AssetImportContext)
0x000002af8708e2b3 (Mono JIT Code) (wrapper runtime-invoke) <Module>:runtime_invoke_void__this___object (object,intptr,intptr,intptr)
0x00007ffaee1d0394 (mono-2.0-bdwgc) mono_jit_runtime_invoke (at C:/build/output/Unity-Technologies/mono/mono/mini/mini-runtime.c:3445)
0x00007ffaee10eb44 (mono-2.0-bdwgc) do_runtime_invoke (at C:/build/output/Unity-Technologies/mono/mono/metadata/object.c:3066)
0x00007ffaee10ecdc (mono-2.0-bdwgc) mono_runtime_invoke (at C:/build/output/Unity-Technologies/mono/mono/metadata/object.c:3113)
0x00007ff7a49a8444 (Unity) scripting_method_invoke
0x00007ff7a4988db4 (Unity) ScriptingInvocation::Invoke
0x00007ff7a5e79d60 (Unity) ScriptedImporter::GenerateAssetData
0x00007ff7a5d6b676 (Unity) ImportToObjects
0x00007ff7a5d6a6c3 (Unity) ImportAsset
0x00007ff7a5d8ea0a (Unity) AssetImportWorker::Import
0x00007ff7a5df5f80 (Unity) <lambda_5da8b19e6ec1a47aaee22edad5a6bf65>::operator()
0x00007ff7a5e31a72 (Unity) asio::detail::completion_handler<core::mutable_function<void __cdecl(void)>,asio::io_context::basic_executor_type<std::allocator<void>,0> >::do_complete
0x00007ff7a5e1da1e (Unity) asio::detail::win_iocp_io_context::do_one
0x00007ff7a5e1f684 (Unity) asio::detail::win_iocp_io_context::run
0x00007ff7a5e2fe1c (Unity) IOService::Run
0x00007ff7a5e0463f (Unity) AssetImportWorkerClient::Run
0x00007ff7a5dcf6f7 (Unity) RunAssetImportWorkerClientV2
0x00007ff7a5dcf77b (Unity) RunAssetImporterV2
0x00007ff7a55c1e83 (Unity) Application::InitializeProject
0x00007ff7a5a5ca85 (Unity) WinMain
0x00007ff7a6e25dce (Unity) __scrt_common_main_seh
0x00007ffb707426bd (KERNEL32) BaseThreadInitThunk
0x00007ffb7172dfb8 (ntdll) RtlUserThreadStart

