Using pre-set license
Built from '2022.2/release' branch; Version is '2022.2.3f1 (55531d7fa82e) revision 5591837'; Using compiler version '192829333'; Build Type 'Release'
OS: 'Windows 11  (10.0.22621) 64bit Professional' Language: 'es' Physical Memory: 16168 MB
BatchMode: 1, IsHumanControllingUs: 0, StartBugReporterOnCrash: 0, Is64bit: 1, IsPro: 1

COMMAND LINE ARGUMENTS:
C:\Program Files\Unity 2022.2.3f1\Editor\Unity.exe
-adb2
-batchMode
-noUpm
-name
AssetImportWorker4
-projectPath
C:/Users/carra/Proyectos Unity/PrimerProyecto3D
-logFile
Logs/AssetImportWorker4.log
-srvPort
56511
Successfully changed project path to: C:/Users/carra/Proyectos Unity/PrimerProyecto3D
C:/Users/carra/Proyectos Unity/PrimerProyecto3D
[UnityMemory] Configuration Parameters - Can be set up in boot.config
    "memorysetup-bucket-allocator-granularity=16"
    "memorysetup-bucket-allocator-bucket-count=8"
    "memorysetup-bucket-allocator-block-size=33554432"
    "memorysetup-bucket-allocator-block-count=8"
    "memorysetup-main-allocator-block-size=16777216"
    "memorysetup-thread-allocator-block-size=16777216"
    "memorysetup-gfx-main-allocator-block-size=16777216"
    "memorysetup-gfx-thread-allocator-block-size=16777216"
    "memorysetup-cache-allocator-block-size=4194304"
    "memorysetup-typetree-allocator-block-size=2097152"
    "memorysetup-profiler-bucket-allocator-granularity=16"
    "memorysetup-profiler-bucket-allocator-bucket-count=8"
    "memorysetup-profiler-bucket-allocator-block-size=33554432"
    "memorysetup-profiler-bucket-allocator-block-count=8"
    "memorysetup-profiler-allocator-block-size=16777216"
    "memorysetup-profiler-editor-allocator-block-size=1048576"
    "memorysetup-temp-allocator-size-main=16777216"
    "memorysetup-job-temp-allocator-block-size=2097152"
    "memorysetup-job-temp-allocator-block-size-background=1048576"
    "memorysetup-job-temp-allocator-reduction-small-platforms=262144"
    "memorysetup-temp-allocator-size-background-worker=32768"
    "memorysetup-temp-allocator-size-job-worker=262144"
    "memorysetup-temp-allocator-size-preload-manager=33554432"
    "memorysetup-temp-allocator-size-nav-mesh-worker=65536"
    "memorysetup-temp-allocator-size-audio-worker=65536"
    "memorysetup-temp-allocator-size-cloud-worker=32768"
    "memorysetup-temp-allocator-size-gi-baking-worker=262144"
    "memorysetup-temp-allocator-size-gfx=262144"
Player connection [19436] Host "[IP] 172.26.128.1 [Port] 0 [Flags] 2 [Guid] 3347856077 [EditorId] 3347856077 [Version] 1048832 [Id] WindowsEditor(7,DESKTOP-8D59HR1) [Debug] 1 [PackageName] WindowsEditor [ProjectName] Editor" joined multi-casting on [225.0.0.222:54997]...

Player connection [19436] Host "[IP] 172.26.128.1 [Port] 0 [Flags] 2 [Guid] 3347856077 [EditorId] 3347856077 [Version] 1048832 [Id] WindowsEditor(7,DESKTOP-8D59HR1) [Debug] 1 [PackageName] WindowsEditor [ProjectName] Editor" joined alternative multi-casting on [225.0.0.222:34997]...

Refreshing native plugins compatible for Editor in 16.28 ms, found 3 plugins.
Preloading 0 native plugins for Editor in 0.00 ms.
Initialize engine version: 2022.2.3f1 (55531d7fa82e)
[Subsystems] Discovering subsystems at path C:/Program Files/Unity 2022.2.3f1/Editor/Data/Resources/UnitySubsystems
[Subsystems] Discovering subsystems at path C:/Users/carra/Proyectos Unity/PrimerProyecto3D/Assets
GfxDevice: creating device client; threaded=0; jobified=0
Direct3D:
    Version:  Direct3D 11.0 [level 11.1]
    Renderer: NVIDIA GeForce RTX 2060 (ID=0x1f15)
    Vendor:   NVIDIA
    VRAM:     5980 MB
    Driver:   30.0.15.1278
Initialize mono
Mono path[0] = 'C:/Program Files/Unity 2022.2.3f1/Editor/Data/Managed'
Mono path[1] = 'C:/Program Files/Unity 2022.2.3f1/Editor/Data/MonoBleedingEdge/lib/mono/unityjit-win32'
Mono config path = 'C:/Program Files/Unity 2022.2.3f1/Editor/Data/MonoBleedingEdge/etc'
Using monoOptions --debugger-agent=transport=dt_socket,embedding=1,server=y,suspend=n,address=127.0.0.1:56848
Begin MonoManager ReloadAssembly
Registering precompiled unity dll's ...
Register platform support module: C:/Program Files/Unity 2022.2.3f1/Editor/Data/PlaybackEngines/AndroidPlayer/UnityEditor.Android.Extensions.dll
Register platform support module: C:/Program Files/Unity 2022.2.3f1/Editor/Data/PlaybackEngines/WindowsStandaloneSupport/UnityEditor.WindowsStandalone.Extensions.dll
Registered in 0.007223 seconds.
- Loaded All Assemblies, in  0.428 seconds
Native extension for WindowsStandalone target not found
Native extension for Android target not found
Mono: successfully reloaded assembly
- Finished resetting the current domain, in  0.312 seconds
Domain Reload Profiling:
	ReloadAssembly (232ms)
		BeginReloadAssembly (94ms)
			ExecutionOrderSort (0ms)
			DisableScriptedObjects (0ms)
			BackupInstance (0ms)
			ReleaseScriptingObjects (0ms)
			CreateAndSetChildDomain (1ms)
		LoadAllAssembliesAndSetupDomain (0ms)
			LoadAssemblies (93ms)
			RebuildTransferFunctionScriptingTraits (0ms)
			SetupTypeCache (186ms)
				TypeCache.Initialize (185ms)
					TypeCache.ScanAssembly (183ms)
				ResolveRequiredComponents (0ms)
		FinalizeReload (0ms)
			ReleaseScriptCaches (0ms)
			RebuildScriptCaches (0ms)
			SetupLoadedEditorAssemblies (248ms)
				LogAssemblyErrors (0ms)
				InitializePlatformSupportModulesInManaged (56ms)
				SetLoadedEditorAssemblies (5ms)
				RefreshPlugins (0ms)
				BeforeProcessingInitializeOnLoad (1ms)
				ProcessInitializeOnLoadAttributes (136ms)
				ProcessInitializeOnLoadMethodAttributes (50ms)
				AfterProcessingInitializeOnLoad (0ms)
				EditorAssembliesLoaded (0ms)
			ExecutionOrderSort2 (0ms)
			AwakeInstancesAfterBackupRestoration (0ms)
========================================================================
Worker process is ready to serve import requests
Begin MonoManager ReloadAssembly
Symbol file LoadedFromMemory doesn't match image C:\Users\carra\Proyectos Unity\PrimerProyecto3D\Library\PackageCache\com.unity.visualscripting@1.8.0\Editor\VisualScripting.Core\Dependencies\YamlDotNet\Unity.VisualScripting.YamlDotNet.dll
Symbol file LoadedFromMemory doesn't match image C:\Users\carra\Proyectos Unity\PrimerProyecto3D\Library\PackageCache\com.unity.visualscripting@1.8.0\Editor\VisualScripting.Core\Dependencies\DotNetZip\Unity.VisualScripting.IonicZip.dll
- Loaded All Assemblies, in  0.869 seconds
Refreshing native plugins compatible for Editor in 6.45 ms, found 3 plugins.
Native extension for WindowsStandalone target not found
Native extension for Android target not found
Mono: successfully reloaded assembly
Package Manager log level set to [2]
[Package Manager] Server::EnsureServerProcessIsRunning -- launch failed, reason: Unity was launched with the -noUpm command-line argument
[Package Manager] UpmClient::Send -- Unable to send message (not connected to UPM process).
[Package Manager] Cannot connect to Unity Package Manager local server
[Package Manager] Server::EnsureServerProcessIsRunning -- launch failed, reason: Unity was launched with the -noUpm command-line argument
[Package Manager] UpmClient::Send -- Unable to send message (not connected to UPM process).
[Package Manager] Cannot connect to Unity Package Manager local server
- Finished resetting the current domain, in  0.573 seconds
Domain Reload Profiling:
	ReloadAssembly (219ms)
		BeginReloadAssembly (123ms)
			ExecutionOrderSort (0ms)
			DisableScriptedObjects (6ms)
			BackupInstance (0ms)
			ReleaseScriptingObjects (0ms)
			CreateAndSetChildDomain (21ms)
		LoadAllAssembliesAndSetupDomain (647ms)
			LoadAssemblies (82ms)
			RebuildTransferFunctionScriptingTraits (0ms)
			SetupTypeCache (612ms)
				TypeCache.Initialize (358ms)
					TypeCache.ScanAssembly (354ms)
				ResolveRequiredComponents (5ms)
		FinalizeReload (0ms)
			ReleaseScriptCaches (0ms)
			RebuildScriptCaches (0ms)
			SetupLoadedEditorAssemblies (408ms)
				LogAssemblyErrors (0ms)
				InitializePlatformSupportModulesInManaged (16ms)
				SetLoadedEditorAssemblies (6ms)
				RefreshPlugins (0ms)
				BeforeProcessingInitializeOnLoad (70ms)
				ProcessInitializeOnLoadAttributes (282ms)
				ProcessInitializeOnLoadMethodAttributes (27ms)
				AfterProcessingInitializeOnLoad (7ms)
				EditorAssembliesLoaded (0ms)
			ExecutionOrderSort2 (0ms)
			AwakeInstancesAfterBackupRestoration (7ms)
Launched and connected shader compiler UnityShaderCompiler.exe after 0.06 seconds
Refreshing native plugins compatible for Editor in 11.55 ms, found 3 plugins.
Preloading 0 native plugins for Editor in 0.00 ms.
Unloading 3500 Unused Serialized files (Serialized files now loaded: 0)
Unloading 40 unused Assets / (75.0 KB). Loaded Objects now: 3949.
Memory consumption went from 0.53 GB to 0.53 GB.
Total: 3.244300 ms (FindLiveObjects: 0.322400 ms CreateObjectMapping: 0.406900 ms MarkObjects: 2.422800 ms  DeleteObjects: 0.091400 ms)

AssetImportParameters requested are different than current active one (requested -> active):
  custom:container-demuxer-ogg: 62fdf1f143b41e24485cea50d1cbac27 -> 
  custom:video-codec-MediaFoundation-h265: 746d11721c4dcdbdad8f713fa42b33f4 -> 
  custom:video-decoder-ogg-theora: a1e56fd34408186e4bbccfd4996cb3dc -> 
  custom:framework-win-MediaFoundation: 216162199b28c13a410421893ffa2e32 -> 
  custom:container-demuxer-webm: 4f35f7cbe854078d1ac9338744f61a02 -> 
  custom:container-muxer-webm: aa71ff27fc2769a1b78a27578f13a17b -> 
  custom:video-decoder-webm-vp8: 9c59270c3fd7afecdb556c50c9e8de78 -> 
  custom:AudioImporter_EditorPlatform: d09bf68614088b80899f8185d706f6e7 -> 
  custom:video-encoder-webm-vp8: eb34c28f22e8b96e1ab97ce403110664 -> 
  custom:audio-decoder-ogg-vorbis: bf7c407c2cedff20999df2af8eb42d56 -> 
  custom:audio-encoder-webm-vorbis: bf7c407c2cedff20999df2af8eb42d56 -> 
========================================================================
Received Import Request.
  Time since last request: 5060.424257 seconds.
  path: Assets/Player/source/RED_Hood.obj
  artifactKey: Guid(21769e49dcff1aa4890d34d4871b7f2c) Importer(815301076,1909f56bfc062723c751e8b465ee728b)
Number of updated assets reloaded before import = 0
Start importing Assets/Player/source/RED_Hood.obj using Guid(21769e49dcff1aa4890d34d4871b7f2c) Importer(815301076,1909f56bfc062723c751e8b465ee728b)  -> (artifact id: 'b2ae40dbf168331a78dbd3b827a65a84') in 0.207990 seconds 
Number of asset objects unloaded after import = 16
========================================================================
Received Import Request.
  Time since last request: 22.791221 seconds.
  path: Assets/Player/source/resources/Cejas.mat
  artifactKey: Guid(fbaf52b794a08a64fbfc61846ac73464) Importer(815301076,1909f56bfc062723c751e8b465ee728b)
Number of updated assets reloaded before import = 0
Start importing Assets/Player/source/resources/Cejas.mat using Guid(fbaf52b794a08a64fbfc61846ac73464) Importer(815301076,1909f56bfc062723c751e8b465ee728b)  -> (artifact id: 'ddce16d7cffb283d3d1d62751c863a1b') in 0.046488 seconds 
Number of asset objects unloaded after import = 1
========================================================================
Received Import Request.
  Time since last request: 0.000022 seconds.
  path: Assets/Player/source/resources/cuerpa.mat
  artifactKey: Guid(f78f273f13833fa4f9d90b6804355419) Importer(815301076,1909f56bfc062723c751e8b465ee728b)
Number of updated assets reloaded before import = 0
Start importing Assets/Player/source/resources/cuerpa.mat using Guid(f78f273f13833fa4f9d90b6804355419) Importer(815301076,1909f56bfc062723c751e8b465ee728b)  -> (artifact id: '83b59861227e4c3db80f5f7c76054d49') in 0.031471 seconds 
Number of asset objects unloaded after import = 1
========================================================================
Received Import Request.
  Time since last request: 0.000016 seconds.
  path: Assets/Player/source/resources/ojos.mat
  artifactKey: Guid(c810473734246234f944eb6243957eb9) Importer(815301076,1909f56bfc062723c751e8b465ee728b)
Number of updated assets reloaded before import = 0
Start importing Assets/Player/source/resources/ojos.mat using Guid(c810473734246234f944eb6243957eb9) Importer(815301076,1909f56bfc062723c751e8b465ee728b)  -> (artifact id: '251d8be054984ace519cb1c0da4adc6c') in 0.014406 seconds 
Number of asset objects unloaded after import = 1
========================================================================
Received Import Request.
  Time since last request: 0.000031 seconds.
  path: Assets/Player/source/resources/pestaña1.mat
  artifactKey: Guid(f47e0e0b9241b9e429c2d4fa31a38eb6) Importer(815301076,1909f56bfc062723c751e8b465ee728b)
Number of updated assets reloaded before import = 0
Start importing Assets/Player/source/resources/pestaña1.mat using Guid(f47e0e0b9241b9e429c2d4fa31a38eb6) Importer(815301076,1909f56bfc062723c751e8b465ee728b)  -> (artifact id: '45ea93adcfc046711c283e280d2e5dae') in 0.018454 seconds 
Number of asset objects unloaded after import = 1
========================================================================
Received Import Request.
  Time since last request: 0.000014 seconds.
  path: Assets/Player/source/resources/vestido.mat
  artifactKey: Guid(abcef9f4649650845b3f60dfd96ff820) Importer(815301076,1909f56bfc062723c751e8b465ee728b)
Number of updated assets reloaded before import = 0
Start importing Assets/Player/source/resources/vestido.mat using Guid(abcef9f4649650845b3f60dfd96ff820) Importer(815301076,1909f56bfc062723c751e8b465ee728b)  -> (artifact id: '7eaaa1843f2a78cf9f56f65e6d29802a') in 0.014903 seconds 
Number of asset objects unloaded after import = 1
========================================================================
Received Import Request.
  Time since last request: 0.000019 seconds.
  path: Assets/Player/source/resources/pela_tiras.mat
  artifactKey: Guid(8cdea6949755f6d4680d9c0e6e5190fb) Importer(815301076,1909f56bfc062723c751e8b465ee728b)
Number of updated assets reloaded before import = 0
Start importing Assets/Player/source/resources/pela_tiras.mat using Guid(8cdea6949755f6d4680d9c0e6e5190fb) Importer(815301076,1909f56bfc062723c751e8b465ee728b)  -> (artifact id: '4c96613251889e53ab083e4950ce070f') in 0.038122 seconds 
Number of asset objects unloaded after import = 1
========================================================================
Received Import Request.
  Time since last request: 7.012875 seconds.
  path: Assets/Enemies/source/Standing Taunt Battlecry.fbx
  artifactKey: Guid(915a1183818d1b2498842d432d026be6) Importer(815301076,1909f56bfc062723c751e8b465ee728b)
Number of updated assets reloaded before import = 0
Start importing Assets/Enemies/source/Standing Taunt Battlecry.fbx using Guid(915a1183818d1b2498842d432d026be6) Importer(815301076,1909f56bfc062723c751e8b465ee728b)  -> (artifact id: 'f70b461a39649bc904b86a573d86a419') in 0.247406 seconds 
Number of asset objects unloaded after import = 76
========================================================================
Received Import Request.
  Time since last request: 109.173049 seconds.
  path: Assets/Player/source/RED_Hood.mtl
  artifactKey: Guid(ae9104b5cb75d364ba90ef0c78622964) Importer(815301076,1909f56bfc062723c751e8b465ee728b)
Number of updated assets reloaded before import = 0
Start importing Assets/Player/source/RED_Hood.mtl using Guid(ae9104b5cb75d364ba90ef0c78622964) Importer(815301076,1909f56bfc062723c751e8b465ee728b)  -> (artifact id: '420e749019bf8835e458d7c0314e7937') in 0.004789 seconds 
Number of asset objects unloaded after import = 1
========================================================================
Received Import Request.
  Time since last request: 777.000196 seconds.
  path: Assets/Enemies/textures/54C4500B-0118-417C-A986-49FA8AB5D2AC.png
  artifactKey: Guid(839a92af9d44229428c58b69490bd751) Importer(815301076,1909f56bfc062723c751e8b465ee728b)
Number of updated assets reloaded before import = 0
Start importing Assets/Enemies/textures/54C4500B-0118-417C-A986-49FA8AB5D2AC.png using Guid(839a92af9d44229428c58b69490bd751) Importer(815301076,1909f56bfc062723c751e8b465ee728b)  -> (artifact id: 'a8df5c3701424228fee6dd8c81a195c2') in 0.045556 seconds 
Number of asset objects unloaded after import = 2
========================================================================
Received Import Request.
  Time since last request: 0.000015 seconds.
  path: Assets/Enemies/textures/cabello_marron.jpeg
  artifactKey: Guid(3a57090127166234fb1fca4ddad2c42c) Importer(815301076,1909f56bfc062723c751e8b465ee728b)
Number of updated assets reloaded before import = 0
Start importing Assets/Enemies/textures/cabello_marron.jpeg using Guid(3a57090127166234fb1fca4ddad2c42c) Importer(815301076,1909f56bfc062723c751e8b465ee728b)  -> (artifact id: '80300a85946e61a15fe4db247b17375d') in 0.040356 seconds 
Number of asset objects unloaded after import = 2
========================================================================
Received Import Request.
  Time since last request: 0.000015 seconds.
  path: Assets/Enemies/textures/coat_red_coat_red_BaseColor.png
  artifactKey: Guid(9ada90969c1cfdd409a9c53228a7c94c) Importer(815301076,1909f56bfc062723c751e8b465ee728b)
Number of updated assets reloaded before import = 0
Start importing Assets/Enemies/textures/coat_red_coat_red_BaseColor.png using Guid(9ada90969c1cfdd409a9c53228a7c94c) Importer(815301076,1909f56bfc062723c751e8b465ee728b)  -> (artifact id: '75707d56353debc1ff0c0bf00c1c4563') in 0.030388 seconds 
Number of asset objects unloaded after import = 2
========================================================================
Received Import Request.
  Time since last request: 9.117772 seconds.
  path: Assets/Enemies/textures/coat_red_coat_red_Metallic.png
  artifactKey: Guid(2758a3a7a9eca0449a6c6905d5d71f0e) Importer(815301076,1909f56bfc062723c751e8b465ee728b)
Number of updated assets reloaded before import = 0
Start importing Assets/Enemies/textures/coat_red_coat_red_Metallic.png using Guid(2758a3a7a9eca0449a6c6905d5d71f0e) Importer(815301076,1909f56bfc062723c751e8b465ee728b)  -> (artifact id: '891b07412a9c7d8a12d0b2b9d2395de8') in 0.013737 seconds 
Number of asset objects unloaded after import = 2
========================================================================
Received Import Request.
  Time since last request: 0.430542 seconds.
  path: Assets/Enemies/textures/coat_red_coat_red_Normal.png
  artifactKey: Guid(399d3d1b70060604babe327a314f43e2) Importer(815301076,1909f56bfc062723c751e8b465ee728b)
Number of updated assets reloaded before import = 0
Start importing Assets/Enemies/textures/coat_red_coat_red_Normal.png using Guid(399d3d1b70060604babe327a314f43e2) Importer(815301076,1909f56bfc062723c751e8b465ee728b)  -> (artifact id: 'ca59bd914072c35f8943f2e6a8b1b32f') in 0.012481 seconds 
Number of asset objects unloaded after import = 2
========================================================================
Received Import Request.
  Time since last request: 0.326759 seconds.
  path: Assets/Enemies/textures/coat_red_coat_red_Roughness.png
  artifactKey: Guid(16a524bfe4163d445bf7367d36eb4e67) Importer(815301076,1909f56bfc062723c751e8b465ee728b)
Number of updated assets reloaded before import = 0
Start importing Assets/Enemies/textures/coat_red_coat_red_Roughness.png using Guid(16a524bfe4163d445bf7367d36eb4e67) Importer(815301076,1909f56bfc062723c751e8b465ee728b)  -> (artifact id: 'ba8cde83905ee788c288611a2a2fbeef') in 0.015894 seconds 
Number of asset objects unloaded after import = 2
========================================================================
Received Import Request.
  Time since last request: 0.028611 seconds.
  path: Assets/Enemies/textures/cuerp_low_Material.001_BaseColor.png
  artifactKey: Guid(f820101d8cb90f4459682fb483b91a64) Importer(815301076,1909f56bfc062723c751e8b465ee728b)
Number of updated assets reloaded before import = 0
Start importing Assets/Enemies/textures/cuerp_low_Material.001_BaseColor.png using Guid(f820101d8cb90f4459682fb483b91a64) Importer(815301076,1909f56bfc062723c751e8b465ee728b)  -> (artifact id: 'e033ad23b194f7ec68a31cbfde0686f3') in 0.011875 seconds 
Number of asset objects unloaded after import = 2
========================================================================
Received Import Request.
  Time since last request: 0.069140 seconds.
  path: Assets/Enemies/textures/cuerp_low_Material.001_Metallic.png
  artifactKey: Guid(b06a54d112c5ee44e97104eaa5f648f8) Importer(815301076,1909f56bfc062723c751e8b465ee728b)
Number of updated assets reloaded before import = 0
Start importing Assets/Enemies/textures/cuerp_low_Material.001_Metallic.png using Guid(b06a54d112c5ee44e97104eaa5f648f8) Importer(815301076,1909f56bfc062723c751e8b465ee728b)  -> (artifact id: '3afa9ced3383ef9529e7f576878fa019') in 0.007854 seconds 
Number of asset objects unloaded after import = 2
========================================================================
Received Import Request.
  Time since last request: 0.332521 seconds.
  path: Assets/Enemies/textures/cuerp_low_Material.001_Normal.png
  artifactKey: Guid(b065c4b984b4ba644b5797548e8a3ae8) Importer(815301076,1909f56bfc062723c751e8b465ee728b)
Number of updated assets reloaded before import = 0
Start importing Assets/Enemies/textures/cuerp_low_Material.001_Normal.png using Guid(b065c4b984b4ba644b5797548e8a3ae8) Importer(815301076,1909f56bfc062723c751e8b465ee728b)  -> (artifact id: '76e609a38911d0e32af3c52aa5c6d729') in 0.013073 seconds 
Number of asset objects unloaded after import = 2
========================================================================
Received Import Request.
  Time since last request: 0.260004 seconds.
  path: Assets/Enemies/textures/cuerp_low_Material.001_Roughness.png
  artifactKey: Guid(39f1a4bc4267dd1418d613ba68996487) Importer(815301076,1909f56bfc062723c751e8b465ee728b)
Number of updated assets reloaded before import = 0
Start importing Assets/Enemies/textures/cuerp_low_Material.001_Roughness.png using Guid(39f1a4bc4267dd1418d613ba68996487) Importer(815301076,1909f56bfc062723c751e8b465ee728b)  -> (artifact id: 'c65cb5a3031bc9e45ac4bba6bbd0b746') in 0.026679 seconds 
Number of asset objects unloaded after import = 2
========================================================================
Received Import Request.
  Time since last request: 0.052718 seconds.
  path: Assets/Enemies/textures/fur_alpha.png
  artifactKey: Guid(20f455bfcb1f1484e8366fc46e794438) Importer(815301076,1909f56bfc062723c751e8b465ee728b)
Number of updated assets reloaded before import = 0
Start importing Assets/Enemies/textures/fur_alpha.png using Guid(20f455bfcb1f1484e8366fc46e794438) Importer(815301076,1909f56bfc062723c751e8b465ee728b)  -> (artifact id: 'b5c8769df60067dc49a7bc08121f2c7b') in 0.011530 seconds 
Number of asset objects unloaded after import = 2
========================================================================
Received Import Request.
  Time since last request: 64.249644 seconds.
  path: Assets/Player/source/resources/alpga_eyes2.jpeg
  artifactKey: Guid(2ef74b2e6d0151242af1210b85ec0414) Importer(815301076,1909f56bfc062723c751e8b465ee728b)
Number of updated assets reloaded before import = 0
Start importing Assets/Player/source/resources/alpga_eyes2.jpeg using Guid(2ef74b2e6d0151242af1210b85ec0414) Importer(815301076,1909f56bfc062723c751e8b465ee728b)  -> (artifact id: '6dc3bf94697d49d3f18a5ebe0b027b87') in 0.027979 seconds 
Number of asset objects unloaded after import = 2
========================================================================
Received Import Request.
  Time since last request: 28.959341 seconds.
  path: Assets/TutorialInfo/Icons/Mobile 3D.png
  artifactKey: Guid(cbea0258d69fdef4ba73fa582f0e2004) Importer(815301076,1909f56bfc062723c751e8b465ee728b)
Number of updated assets reloaded before import = 0
Start importing Assets/TutorialInfo/Icons/Mobile 3D.png using Guid(cbea0258d69fdef4ba73fa582f0e2004) Importer(815301076,1909f56bfc062723c751e8b465ee728b)  -> (artifact id: '7c8d55e55eeeca8cb2613bf9de420e5f') in 0.024162 seconds 
Number of asset objects unloaded after import = 2
========================================================================
Received Import Request.
  Time since last request: 104.097808 seconds.
  path: Assets/Enemies/textures/normal_csabello2.png
  artifactKey: Guid(4ee55c38248d1df4987938afd2dfc5c3) Importer(815301076,1909f56bfc062723c751e8b465ee728b)
Number of updated assets reloaded before import = 0
Start importing Assets/Enemies/textures/normal_csabello2.png using Guid(4ee55c38248d1df4987938afd2dfc5c3) Importer(815301076,1909f56bfc062723c751e8b465ee728b)  -> (artifact id: '7ffacf8f9818a8a0b03c1368623dce61') in 0.012261 seconds 
Number of asset objects unloaded after import = 2
========================================================================
Received Import Request.
  Time since last request: 2.794090 seconds.
  path: Assets/Enemies/textures/ojos.png
  artifactKey: Guid(ae347ebb6fbac124d8dce4188d8adca7) Importer(815301076,1909f56bfc062723c751e8b465ee728b)
Number of updated assets reloaded before import = 0
Start importing Assets/Enemies/textures/ojos.png using Guid(ae347ebb6fbac124d8dce4188d8adca7) Importer(815301076,1909f56bfc062723c751e8b465ee728b)  -> (artifact id: 'f5ac8e1bb03a739082e66cf3a5bc5e66') in 0.023444 seconds 
Number of asset objects unloaded after import = 2
========================================================================
Received Import Request.
  Time since last request: 0.569594 seconds.
  path: Assets/Enemies/textures/pela_rubia.png
  artifactKey: Guid(945d1146d8df0ba41a8acffd3812d0fb) Importer(815301076,1909f56bfc062723c751e8b465ee728b)
Number of updated assets reloaded before import = 0
Start importing Assets/Enemies/textures/pela_rubia.png using Guid(945d1146d8df0ba41a8acffd3812d0fb) Importer(815301076,1909f56bfc062723c751e8b465ee728b)  -> (artifact id: '08963df670cd8f1c1c65f323d6a8e622') in 0.014653 seconds 
Number of asset objects unloaded after import = 2
========================================================================
Received Import Request.
  Time since last request: 0.461485 seconds.
  path: Assets/Enemies/textures/rubia_cejas.png
  artifactKey: Guid(07697d3635cc4ad4ebffc86c3998f86d) Importer(815301076,1909f56bfc062723c751e8b465ee728b)
Number of updated assets reloaded before import = 0
Start importing Assets/Enemies/textures/rubia_cejas.png using Guid(07697d3635cc4ad4ebffc86c3998f86d) Importer(815301076,1909f56bfc062723c751e8b465ee728b)  -> (artifact id: 'ca67f631e3af9b0b16f8e9493764e8aa') in 0.013333 seconds 
Number of asset objects unloaded after import = 2
========================================================================
Received Import Request.
  Time since last request: 0.532559 seconds.
  path: Assets/Enemies/textures/vestido_low_vestido_BaseColor.png
  artifactKey: Guid(d27a822ecbf04fd4bbe4dc26db790e3a) Importer(815301076,1909f56bfc062723c751e8b465ee728b)
Number of updated assets reloaded before import = 0
Start importing Assets/Enemies/textures/vestido_low_vestido_BaseColor.png using Guid(d27a822ecbf04fd4bbe4dc26db790e3a) Importer(815301076,1909f56bfc062723c751e8b465ee728b)  -> (artifact id: 'ebb73ecfc16e7dd636cc0eb913ea8c84') in 0.013032 seconds 
Number of asset objects unloaded after import = 2
========================================================================
Received Import Request.
  Time since last request: 0.041460 seconds.
  path: Assets/Enemies/textures/vestido_low_vestido_Metallic.png
  artifactKey: Guid(7175b418fa6848149824ae3aa1539c87) Importer(815301076,1909f56bfc062723c751e8b465ee728b)
Number of updated assets reloaded before import = 0
Start importing Assets/Enemies/textures/vestido_low_vestido_Metallic.png using Guid(7175b418fa6848149824ae3aa1539c87) Importer(815301076,1909f56bfc062723c751e8b465ee728b)  -> (artifact id: 'dcbbe2eab265e6d40bb04a90c260958b') in 0.008933 seconds 
Number of asset objects unloaded after import = 2
========================================================================
Received Import Request.
  Time since last request: 0.495153 seconds.
  path: Assets/Enemies/textures/vestido_low_vestido_Normal.png
  artifactKey: Guid(466d190e3a7f8a540ac6f94a04c291e6) Importer(815301076,1909f56bfc062723c751e8b465ee728b)
Number of updated assets reloaded before import = 0
Start importing Assets/Enemies/textures/vestido_low_vestido_Normal.png using Guid(466d190e3a7f8a540ac6f94a04c291e6) Importer(815301076,1909f56bfc062723c751e8b465ee728b)  -> (artifact id: 'cfe3394cbcf2a7f6cbad4ef3c9ebf11e') in 0.012569 seconds 
Number of asset objects unloaded after import = 2
========================================================================
Received Import Request.
  Time since last request: 0.467042 seconds.
  path: Assets/Enemies/textures/vestido_low_vestido_Roughness.png
  artifactKey: Guid(964ad80a1d2942c4d9d00bef8421052e) Importer(815301076,1909f56bfc062723c751e8b465ee728b)
Number of updated assets reloaded before import = 0
Start importing Assets/Enemies/textures/vestido_low_vestido_Roughness.png using Guid(964ad80a1d2942c4d9d00bef8421052e) Importer(815301076,1909f56bfc062723c751e8b465ee728b)  -> (artifact id: '179fa763486af15767d10f5debd509e9') in 0.011473 seconds 
Number of asset objects unloaded after import = 2
========================================================================
Received Import Request.
  Time since last request: 537.179166 seconds.
  path: Assets/Player/textures/alpga_eyes2.jpeg
  artifactKey: Guid(e47f3cc72fef11743b14e3fca42f144b) Importer(815301076,1909f56bfc062723c751e8b465ee728b)
Number of updated assets reloaded before import = 0
Start importing Assets/Player/textures/alpga_eyes2.jpeg using Guid(e47f3cc72fef11743b14e3fca42f144b) Importer(815301076,1909f56bfc062723c751e8b465ee728b)  -> (artifact id: '5412896cb2a37ee6101c459df87d18a9') in 0.056416 seconds 
Number of asset objects unloaded after import = 2
========================================================================
Received Import Request.
  Time since last request: 163.785604 seconds.
  path: Assets/Player/source/resources/eyebrows1.jpg
  artifactKey: Guid(13bab141db9e96045aa322f3d020deba) Importer(815301076,1909f56bfc062723c751e8b465ee728b)
Number of updated assets reloaded before import = 0
Start importing Assets/Player/source/resources/eyebrows1.jpg using Guid(13bab141db9e96045aa322f3d020deba) Importer(815301076,1909f56bfc062723c751e8b465ee728b)  -> (artifact id: '88e5df0d42381780d6746abf29aafcd9') in 0.012778 seconds 
Number of asset objects unloaded after import = 2
========================================================================
Received Import Request.
  Time since last request: 1274.494701 seconds.
  path: Assets/Player/source/RED_Hood.obj
  artifactKey: Guid(21769e49dcff1aa4890d34d4871b7f2c) Importer(815301076,1909f56bfc062723c751e8b465ee728b)
Number of updated assets reloaded before import = 0
Start importing Assets/Player/source/RED_Hood.obj using Guid(21769e49dcff1aa4890d34d4871b7f2c) Importer(815301076,1909f56bfc062723c751e8b465ee728b)  -> (artifact id: 'c318c5d30ef996babfe85cda1ace299d') in 0.102694 seconds 
Number of asset objects unloaded after import = 18
========================================================================
Received Import Request.
  Time since last request: 39.316341 seconds.
  path: Assets/Player/source/RED_Hood.obj
  artifactKey: Guid(21769e49dcff1aa4890d34d4871b7f2c) Importer(815301076,1909f56bfc062723c751e8b465ee728b)
Number of updated assets reloaded before import = 0
Start importing Assets/Player/source/RED_Hood.obj using Guid(21769e49dcff1aa4890d34d4871b7f2c) Importer(815301076,1909f56bfc062723c751e8b465ee728b)  -> (artifact id: 'e96ffc070e2a746bc910cb876e2dbf4a') in 0.192239 seconds 
Number of asset objects unloaded after import = 18
========================================================================
Received Import Request.
  Time since last request: 99.071871 seconds.
  path: Assets/Player/source/resources/vestido_low_vestido_Normal.png
  artifactKey: Guid(a23af3cc6affee447afebb629170e317) Importer(815301076,1909f56bfc062723c751e8b465ee728b)
Number of updated assets reloaded before import = 0
Start importing Assets/Player/source/resources/vestido_low_vestido_Normal.png using Guid(a23af3cc6affee447afebb629170e317) Importer(815301076,1909f56bfc062723c751e8b465ee728b)  -> (artifact id: '113e6982992640f14da14cf17bf48a80') in 0.016997 seconds 
Number of asset objects unloaded after import = 2
========================================================================
Received Import Request.
  Time since last request: 394.780817 seconds.
  path: Assets/Player/source/resources/normal_csabello2.png
  artifactKey: Guid(ced93de0e49ef034cab3107c915afcd4) Importer(815301076,1909f56bfc062723c751e8b465ee728b)
Number of updated assets reloaded before import = 0
Start importing Assets/Player/source/resources/normal_csabello2.png using Guid(ced93de0e49ef034cab3107c915afcd4) Importer(815301076,1909f56bfc062723c751e8b465ee728b)  -> (artifact id: 'cee1567f446e9d0629513de9e13c2800') in 0.019921 seconds 
Number of asset objects unloaded after import = 2
========================================================================
Received Import Request.
  Time since last request: 716.661610 seconds.
  path: Assets/Player/RED_Hood (1) Variant.prefab
  artifactKey: Guid(fdd8022c1ba47a54987b2d7c050a406e) Importer(815301076,1909f56bfc062723c751e8b465ee728b)
Number of updated assets reloaded before import = 0
Start importing Assets/Player/RED_Hood (1) Variant.prefab using Guid(fdd8022c1ba47a54987b2d7c050a406e) Importer(815301076,1909f56bfc062723c751e8b465ee728b)  -> (artifact id: '06335f7ff1b3ba7fbd70a1dbd96aca80') in 0.046455 seconds 
Number of asset objects unloaded after import = 28
========================================================================
Received Import Request.
  Time since last request: 53.751474 seconds.
  path: Assets/Player/RED_Hood (1) Variant.prefab
  artifactKey: Guid(fdd8022c1ba47a54987b2d7c050a406e) Importer(815301076,1909f56bfc062723c751e8b465ee728b)
Number of updated assets reloaded before import = 0
Start importing Assets/Player/RED_Hood (1) Variant.prefab using Guid(fdd8022c1ba47a54987b2d7c050a406e) Importer(815301076,1909f56bfc062723c751e8b465ee728b)  -> (artifact id: 'b3baf37bbd2df48216433c5cfd0f01f4') in 0.024662 seconds 
Number of asset objects unloaded after import = 28
========================================================================
Received Import Request.
  Time since last request: 0.980697 seconds.
  path: Assets/Player/RED_Hood (1) Variant.prefab
  artifactKey: Guid(fdd8022c1ba47a54987b2d7c050a406e) Importer(815301076,1909f56bfc062723c751e8b465ee728b)
Number of updated assets reloaded before import = 0
Start importing Assets/Player/RED_Hood (1) Variant.prefab using Guid(fdd8022c1ba47a54987b2d7c050a406e) Importer(815301076,1909f56bfc062723c751e8b465ee728b)  -> (artifact id: 'ec0c094dd450c813a97bc1cb251b6a92') in 0.011633 seconds 
Number of asset objects unloaded after import = 28
========================================================================
Received Import Request.
  Time since last request: 17.753656 seconds.
  path: Assets/Player/Player.prefab
  artifactKey: Guid(fdd8022c1ba47a54987b2d7c050a406e) Importer(815301076,1909f56bfc062723c751e8b465ee728b)
Number of updated assets reloaded before import = 0
Start importing Assets/Player/Player.prefab using Guid(fdd8022c1ba47a54987b2d7c050a406e) Importer(815301076,1909f56bfc062723c751e8b465ee728b)  -> (artifact id: '347cd22dec269c6d2c1262e517608dc6') in 0.057282 seconds 
Number of asset objects unloaded after import = 28
========================================================================
Received Prepare
Begin MonoManager ReloadAssembly
Symbol file LoadedFromMemory doesn't match image C:\Users\carra\Proyectos Unity\PrimerProyecto3D\Library\PackageCache\com.unity.visualscripting@1.8.0\Editor\VisualScripting.Core\Dependencies\YamlDotNet\Unity.VisualScripting.YamlDotNet.dll
Symbol file LoadedFromMemory doesn't match image C:\Users\carra\Proyectos Unity\PrimerProyecto3D\Library\PackageCache\com.unity.visualscripting@1.8.0\Editor\VisualScripting.Core\Dependencies\DotNetZip\Unity.VisualScripting.IonicZip.dll
- Loaded All Assemblies, in  0.835 seconds
Refreshing native plugins compatible for Editor in 6.44 ms, found 3 plugins.
Native extension for WindowsStandalone target not found
Native extension for Android target not found
Mono: successfully reloaded assembly
[Package Manager] Server::EnsureServerProcessIsRunning -- launch failed, reason: Unity was launched with the -noUpm command-line argument
[Package Manager] UpmClient::Send -- Unable to send message (not connected to UPM process).
[Package Manager] Cannot connect to Unity Package Manager local server
- Finished resetting the current domain, in  0.964 seconds
Domain Reload Profiling:
	ReloadAssembly (307ms)
		BeginReloadAssembly (227ms)
			ExecutionOrderSort (0ms)
			DisableScriptedObjects (11ms)
			BackupInstance (0ms)
			ReleaseScriptingObjects (0ms)
			CreateAndSetChildDomain (96ms)
		LoadAllAssembliesAndSetupDomain (524ms)
			LoadAssemblies (103ms)
			RebuildTransferFunctionScriptingTraits (0ms)
			SetupTypeCache (490ms)
				TypeCache.Initialize (266ms)
					TypeCache.ScanAssembly (258ms)
				ResolveRequiredComponents (4ms)
		FinalizeReload (0ms)
			ReleaseScriptCaches (0ms)
			RebuildScriptCaches (0ms)
			SetupLoadedEditorAssemblies (378ms)
				LogAssemblyErrors (0ms)
				InitializePlatformSupportModulesInManaged (25ms)
				SetLoadedEditorAssemblies (7ms)
				RefreshPlugins (0ms)
				BeforeProcessingInitializeOnLoad (72ms)
				ProcessInitializeOnLoadAttributes (240ms)
				ProcessInitializeOnLoadMethodAttributes (26ms)
				AfterProcessingInitializeOnLoad (7ms)
				EditorAssembliesLoaded (0ms)
			ExecutionOrderSort2 (0ms)
			AwakeInstancesAfterBackupRestoration (6ms)
Refreshing native plugins compatible for Editor in 6.35 ms, found 3 plugins.
Preloading 0 native plugins for Editor in 0.00 ms.
Unloading 3510 Unused Serialized files (Serialized files now loaded: 0)
Unloading 48 unused Assets / (54.8 MB). Loaded Objects now: 4006.
Memory consumption went from 0.59 GB to 0.54 GB.
Total: 5.728400 ms (FindLiveObjects: 0.294400 ms CreateObjectMapping: 0.323300 ms MarkObjects: 3.471700 ms  DeleteObjects: 1.638100 ms)

AssetImportParameters requested are different than current active one (requested -> active):
  custom:container-demuxer-ogg: 62fdf1f143b41e24485cea50d1cbac27 -> 
  custom:video-codec-MediaFoundation-h265: 746d11721c4dcdbdad8f713fa42b33f4 -> 
  custom:video-decoder-ogg-theora: a1e56fd34408186e4bbccfd4996cb3dc -> 
  custom:framework-win-MediaFoundation: 216162199b28c13a410421893ffa2e32 -> 
  custom:container-demuxer-webm: 4f35f7cbe854078d1ac9338744f61a02 -> 
  custom:container-muxer-webm: aa71ff27fc2769a1b78a27578f13a17b -> 
  custom:video-decoder-webm-vp8: 9c59270c3fd7afecdb556c50c9e8de78 -> 
  custom:AudioImporter_EditorPlatform: d09bf68614088b80899f8185d706f6e7 -> 
  custom:video-encoder-webm-vp8: eb34c28f22e8b96e1ab97ce403110664 -> 
  custom:audio-decoder-ogg-vorbis: bf7c407c2cedff20999df2af8eb42d56 -> 
  custom:audio-encoder-webm-vorbis: bf7c407c2cedff20999df2af8eb42d56 -> 
========================================================================
Received Import Request.
  Time since last request: 228.423758 seconds.
  path: Assets/Polytope Studio
  artifactKey: Guid(f521855c4ed61ba4587c8b832eed08b2) Importer(815301076,1909f56bfc062723c751e8b465ee728b)
Number of updated assets reloaded before import = 0
Start importing Assets/Polytope Studio using Guid(f521855c4ed61ba4587c8b832eed08b2) Importer(815301076,1909f56bfc062723c751e8b465ee728b)  -> (artifact id: '23df2544e14e84a5c05183231666b44e') in 0.007441 seconds 
Number of asset objects unloaded after import = 0
========================================================================
Received Import Request.
  Time since last request: 8.633476 seconds.
  path: Assets/Imports
  artifactKey: Guid(92199546d50e2fd4b910a21bf759c42f) Importer(815301076,1909f56bfc062723c751e8b465ee728b)
Number of updated assets reloaded before import = 0
Start importing Assets/Imports using Guid(92199546d50e2fd4b910a21bf759c42f) Importer(815301076,1909f56bfc062723c751e8b465ee728b)  -> (artifact id: 'c399d73097ff1849861208073b876148') in 0.006437 seconds 
Number of asset objects unloaded after import = 0
========================================================================
Received Prepare
Begin MonoManager ReloadAssembly
Symbol file LoadedFromMemory doesn't match image C:\Users\carra\Proyectos Unity\PrimerProyecto3D\Library\PackageCache\com.unity.visualscripting@1.8.0\Editor\VisualScripting.Core\Dependencies\YamlDotNet\Unity.VisualScripting.YamlDotNet.dll
Symbol file LoadedFromMemory doesn't match image C:\Users\carra\Proyectos Unity\PrimerProyecto3D\Library\PackageCache\com.unity.visualscripting@1.8.0\Editor\VisualScripting.Core\Dependencies\DotNetZip\Unity.VisualScripting.IonicZip.dll
- Loaded All Assemblies, in  0.745 seconds
Refreshing native plugins compatible for Editor in 7.31 ms, found 3 plugins.
Native extension for WindowsStandalone target not found
Native extension for Android target not found
Mono: successfully reloaded assembly
[Package Manager] Server::EnsureServerProcessIsRunning -- launch failed, reason: Unity was launched with the -noUpm command-line argument
[Package Manager] UpmClient::Send -- Unable to send message (not connected to UPM process).
[Package Manager] Cannot connect to Unity Package Manager local server
- Finished resetting the current domain, in  0.818 seconds
Domain Reload Profiling:
	ReloadAssembly (209ms)
		BeginReloadAssembly (129ms)
			ExecutionOrderSort (0ms)
			DisableScriptedObjects (6ms)
			BackupInstance (0ms)
			ReleaseScriptingObjects (0ms)
			CreateAndSetChildDomain (35ms)
		LoadAllAssembliesAndSetupDomain (532ms)
			LoadAssemblies (84ms)
			RebuildTransferFunctionScriptingTraits (0ms)
			SetupTypeCache (498ms)
				TypeCache.Initialize (260ms)
					TypeCache.ScanAssembly (254ms)
				ResolveRequiredComponents (5ms)
		FinalizeReload (0ms)
			ReleaseScriptCaches (0ms)
			RebuildScriptCaches (0ms)
			SetupLoadedEditorAssemblies (350ms)
				LogAssemblyErrors (0ms)
				InitializePlatformSupportModulesInManaged (24ms)
				SetLoadedEditorAssemblies (7ms)
				RefreshPlugins (0ms)
				BeforeProcessingInitializeOnLoad (67ms)
				ProcessInitializeOnLoadAttributes (220ms)
				ProcessInitializeOnLoadMethodAttributes (25ms)
				AfterProcessingInitializeOnLoad (7ms)
				EditorAssembliesLoaded (0ms)
			ExecutionOrderSort2 (0ms)
			AwakeInstancesAfterBackupRestoration (6ms)
Refreshing native plugins compatible for Editor in 6.60 ms, found 3 plugins.
Preloading 0 native plugins for Editor in 0.00 ms.
Unloading 3510 Unused Serialized files (Serialized files now loaded: 0)
Unloading 49 unused Assets / (55.1 MB). Loaded Objects now: 4009.
Memory consumption went from 0.59 GB to 0.54 GB.
Total: 5.639200 ms (FindLiveObjects: 0.697000 ms CreateObjectMapping: 0.496000 ms MarkObjects: 2.541000 ms  DeleteObjects: 1.904300 ms)

AssetImportParameters requested are different than current active one (requested -> active):
  custom:container-demuxer-ogg: 62fdf1f143b41e24485cea50d1cbac27 -> 
  custom:video-codec-MediaFoundation-h265: 746d11721c4dcdbdad8f713fa42b33f4 -> 
  custom:video-decoder-ogg-theora: a1e56fd34408186e4bbccfd4996cb3dc -> 
  custom:framework-win-MediaFoundation: 216162199b28c13a410421893ffa2e32 -> 
  custom:container-demuxer-webm: 4f35f7cbe854078d1ac9338744f61a02 -> 
  custom:container-muxer-webm: aa71ff27fc2769a1b78a27578f13a17b -> 
  custom:video-decoder-webm-vp8: 9c59270c3fd7afecdb556c50c9e8de78 -> 
  custom:AudioImporter_EditorPlatform: d09bf68614088b80899f8185d706f6e7 -> 
  custom:video-encoder-webm-vp8: eb34c28f22e8b96e1ab97ce403110664 -> 
  custom:audio-decoder-ogg-vorbis: bf7c407c2cedff20999df2af8eb42d56 -> 
  custom:audio-encoder-webm-vorbis: bf7c407c2cedff20999df2af8eb42d56 -> 
========================================================================
Received Prepare
Begin MonoManager ReloadAssembly
Symbol file LoadedFromMemory doesn't match image C:\Users\carra\Proyectos Unity\PrimerProyecto3D\Library\PackageCache\com.unity.visualscripting@1.8.0\Editor\VisualScripting.Core\Dependencies\YamlDotNet\Unity.VisualScripting.YamlDotNet.dll
Symbol file LoadedFromMemory doesn't match image C:\Users\carra\Proyectos Unity\PrimerProyecto3D\Library\PackageCache\com.unity.visualscripting@1.8.0\Editor\VisualScripting.Core\Dependencies\DotNetZip\Unity.VisualScripting.IonicZip.dll
- Loaded All Assemblies, in  0.726 seconds
Refreshing native plugins compatible for Editor in 7.27 ms, found 3 plugins.
Native extension for WindowsStandalone target not found
Native extension for Android target not found
Mono: successfully reloaded assembly
[Package Manager] Server::EnsureServerProcessIsRunning -- launch failed, reason: Unity was launched with the -noUpm command-line argument
[Package Manager] UpmClient::Send -- Unable to send message (not connected to UPM process).
[Package Manager] Cannot connect to Unity Package Manager local server
- Finished resetting the current domain, in  0.859 seconds
Domain Reload Profiling:
	ReloadAssembly (217ms)
		BeginReloadAssembly (125ms)
			ExecutionOrderSort (0ms)
			DisableScriptedObjects (6ms)
			BackupInstance (0ms)
			ReleaseScriptingObjects (0ms)
			CreateAndSetChildDomain (35ms)
		LoadAllAssembliesAndSetupDomain (505ms)
			LoadAssemblies (77ms)
			RebuildTransferFunctionScriptingTraits (0ms)
			SetupTypeCache (475ms)
				TypeCache.Initialize (259ms)
					TypeCache.ScanAssembly (254ms)
				ResolveRequiredComponents (4ms)
		FinalizeReload (0ms)
			ReleaseScriptCaches (0ms)
			RebuildScriptCaches (0ms)
			SetupLoadedEditorAssemblies (361ms)
				LogAssemblyErrors (0ms)
				InitializePlatformSupportModulesInManaged (22ms)
				SetLoadedEditorAssemblies (6ms)
				RefreshPlugins (0ms)
				BeforeProcessingInitializeOnLoad (65ms)
				ProcessInitializeOnLoadAttributes (234ms)
				ProcessInitializeOnLoadMethodAttributes (26ms)
				AfterProcessingInitializeOnLoad (7ms)
				EditorAssembliesLoaded (0ms)
			ExecutionOrderSort2 (0ms)
			AwakeInstancesAfterBackupRestoration (6ms)
Refreshing native plugins compatible for Editor in 6.80 ms, found 3 plugins.
Preloading 0 native plugins for Editor in 0.00 ms.
Unloading 3511 Unused Serialized files (Serialized files now loaded: 0)
Unloading 49 unused Assets / (55.1 MB). Loaded Objects now: 4012.
Memory consumption went from 0.59 GB to 0.54 GB.
Total: 5.240000 ms (FindLiveObjects: 0.349700 ms CreateObjectMapping: 0.368300 ms MarkObjects: 2.664500 ms  DeleteObjects: 1.856800 ms)

AssetImportParameters requested are different than current active one (requested -> active):
  custom:container-demuxer-ogg: 62fdf1f143b41e24485cea50d1cbac27 -> 
  custom:video-codec-MediaFoundation-h265: 746d11721c4dcdbdad8f713fa42b33f4 -> 
  custom:video-decoder-ogg-theora: a1e56fd34408186e4bbccfd4996cb3dc -> 
  custom:framework-win-MediaFoundation: 216162199b28c13a410421893ffa2e32 -> 
  custom:container-demuxer-webm: 4f35f7cbe854078d1ac9338744f61a02 -> 
  custom:container-muxer-webm: aa71ff27fc2769a1b78a27578f13a17b -> 
  custom:video-decoder-webm-vp8: 9c59270c3fd7afecdb556c50c9e8de78 -> 
  custom:AudioImporter_EditorPlatform: d09bf68614088b80899f8185d706f6e7 -> 
  custom:video-encoder-webm-vp8: eb34c28f22e8b96e1ab97ce403110664 -> 
  custom:audio-decoder-ogg-vorbis: bf7c407c2cedff20999df2af8eb42d56 -> 
  custom:audio-encoder-webm-vorbis: bf7c407c2cedff20999df2af8eb42d56 -> 
========================================================================
Received Import Request.
  Time since last request: 90.236321 seconds.
  path: Assets/Scenes
  artifactKey: Guid(89960a8f95aeb7d469dc864860bd9a3c) Importer(815301076,1909f56bfc062723c751e8b465ee728b)
Number of updated assets reloaded before import = 0
Start importing Assets/Scenes using Guid(89960a8f95aeb7d469dc864860bd9a3c) Importer(815301076,1909f56bfc062723c751e8b465ee728b)  -> (artifact id: 'cbac8a3601d4d8c4c0fac66dbc2382a7') in 0.007112 seconds 
Number of asset objects unloaded after import = 0
========================================================================
Received Import Request.
  Time since last request: 1.154403 seconds.
  path: Assets/Scenes/SampleScene.unity
  artifactKey: Guid(c850ee8c3b14cc8459e7e186857cf567) Importer(815301076,1909f56bfc062723c751e8b465ee728b)
Number of updated assets reloaded before import = 0
Start importing Assets/Scenes/SampleScene.unity using Guid(c850ee8c3b14cc8459e7e186857cf567) Importer(815301076,1909f56bfc062723c751e8b465ee728b)  -> (artifact id: '3829df27210bb934c772015adfb6ed4a') in 0.005315 seconds 
Number of asset objects unloaded after import = 0
========================================================================
Received Import Request.
  Time since last request: 2.837974 seconds.
  path: Assets/Scenes/SampleScene.unity
  artifactKey: Guid(c850ee8c3b14cc8459e7e186857cf567) Importer(815301076,1909f56bfc062723c751e8b465ee728b)
Number of updated assets reloaded before import = 0
Start importing Assets/Scenes/SampleScene.unity using Guid(c850ee8c3b14cc8459e7e186857cf567) Importer(815301076,1909f56bfc062723c751e8b465ee728b)  -> (artifact id: '7b1173c7b39bc907a782e1f672050317') in 0.002007 seconds 
Number of asset objects unloaded after import = 0
========================================================================
Received Import Request.
  Time since last request: 41.094479 seconds.
  path: Assets/Imports/Fantasy Forest Environment Free Sample/Scenes/New Terrain.asset
  artifactKey: Guid(02bc0e2176f6a4e4ea3faf0c622664cf) Importer(815301076,1909f56bfc062723c751e8b465ee728b)
Number of updated assets reloaded before import = 0
Start importing Assets/Imports/Fantasy Forest Environment Free Sample/Scenes/New Terrain.asset using Guid(02bc0e2176f6a4e4ea3faf0c622664cf) Importer(815301076,1909f56bfc062723c751e8b465ee728b) 
=================================================================
	Native Crash Reporting
=================================================================
Got a UNKNOWN while executing native code. This usually indicates
a fatal error in the mono runtime or one of the native libraries 
used by your application.
=================================================================

=================================================================
	Managed Stacktrace:
=================================================================
=================================================================
Received signal SIGSEGV
Obtained 30 stack frames
0x00007ff6bcdeb8da (Unity) CreateAssetToGUIDMappingV2
0x00007ff6bcd79e7a (Unity) AssetDatabase::CreateAssetToGUIDMapping
0x00007ff6bc25e894 (Unity) SplatDatabase::CreateTerrainLayerAsset
0x00007ff6bc25cb50 (Unity) SplatDatabase::ConvertSplatsToTerrainLayers
0x00007ff6bc25933c (Unity) SplatDatabase::AwakeFromLoad
0x00007ff6bc28a979 (Unity) TerrainData::AwakeFromLoad
0x00007ff6bba9c58f (Unity) AwakeFromLoadQueue::InvokePersistentManagerAwake
0x00007ff6bba9d28c (Unity) AwakeFromLoadQueue::PersistentManagerAwakeFromLoad
0x00007ff6bba9d3f3 (Unity) AwakeFromLoadQueue::PersistentManagerAwakeFromLoad
0x00007ff6bba6e7a2 (Unity) PersistentManager::IntegrateAllThreadedObjects
0x00007ff6bba6f0c0 (Unity) PersistentManager::LoadAndIntegrateAllPreallocatedObjects
0x00007ff6bba734b2 (Unity) PersistentManager::ReadObject
0x00007ff6bcd6ae53 (Unity) WritePreviews
0x00007ff6bcd61e7a (Unity) PreviewImporter::GenerateAssetData
0x00007ff6bcdab676 (Unity) ImportToObjects
0x00007ff6bcdaa6c3 (Unity) ImportAsset
0x00007ff6bcdcea0a (Unity) AssetImportWorker::Import
0x00007ff6bce35f80 (Unity) <lambda_5da8b19e6ec1a47aaee22edad5a6bf65>::operator()
0x00007ff6bce71a72 (Unity) asio::detail::completion_handler<core::mutable_function<void __cdecl(void)>,asio::io_context::basic_executor_type<std::allocator<void>,0> >::do_complete
0x00007ff6bce5da1e (Unity) asio::detail::win_iocp_io_context::do_one
0x00007ff6bce5f684 (Unity) asio::detail::win_iocp_io_context::run
0x00007ff6bce6fe1c (Unity) IOService::Run
0x00007ff6bce4463f (Unity) AssetImportWorkerClient::Run
0x00007ff6bce0f6f7 (Unity) RunAssetImportWorkerClientV2
0x00007ff6bce0f77b (Unity) RunAssetImporterV2
0x00007ff6bc601e83 (Unity) Application::InitializeProject
0x00007ff6bca9ca85 (Unity) WinMain
0x00007ff6bde65dce (Unity) __scrt_common_main_seh
0x00007ffb707426bd (KERNEL32) BaseThreadInitThunk
0x00007ffb7172dfb8 (ntdll) RtlUserThreadStart

